[ 2016-02-22T10:44:51+08:00 ] 10.2.2.17 /index.php
INFO: [ app_init ] --START--
INFO: Run Behavior\BuildLiteBehavior [ RunTime:0.000000s ]
INFO: [ app_init ] --END-- [ RunTime:0.031003s ]
INFO: [ app_begin ] --START--
INFO: Run Behavior\ReadHtmlCacheBehavior [ RunTime:0.005001s ]
INFO: [ app_begin ] --END-- [ RunTime:0.006001s ]

[ 2016-02-22T10:44:51+08:00 ] 10.2.2.17 /index.php?s=/home/login/login.html
INFO: [ app_init ] --START--
INFO: Run Behavior\BuildLiteBehavior [ RunTime:0.000000s ]
INFO: [ app_init ] --END-- [ RunTime:0.001000s ]
INFO: [ app_begin ] --START--
INFO: Run Behavior\ReadHtmlCacheBehavior [ RunTime:0.002000s ]
INFO: [ app_begin ] --END-- [ RunTime:0.002000s ]
INFO: [ view_parse ] --START--
INFO: [ template_filter ] --START--
INFO: Run Behavior\ContentReplaceBehavior [ RunTime:0.000000s ]
INFO: [ template_filter ] --END-- [ RunTime:0.001000s ]
INFO: Run Behavior\ParseTemplateBehavior [ RunTime:0.072007s ]
INFO: [ view_parse ] --END-- [ RunTime:0.074007s ]
INFO: [ view_filter ] --START--
INFO: Run Behavior\WriteHtmlCacheBehavior [ RunTime:0.036004s ]
INFO: [ view_filter ] --END-- [ RunTime:0.036004s ]
INFO: [ app_end ] --START--
INFO: Run Behavior\ShowPageTraceBehavior [ RunTime:0.002000s ]
INFO: [ app_end ] --END-- [ RunTime:0.003000s ]

[ 2016-02-22T10:44:52+08:00 ] 10.2.2.17 /index.php?s=/home/login/verify.html
INFO: [ app_init ] --START--
INFO: Run Behavior\BuildLiteBehavior [ RunTime:0.000000s ]
INFO: [ app_init ] --END-- [ RunTime:0.001000s ]
INFO: [ app_begin ] --START--
INFO: Run Behavior\ReadHtmlCacheBehavior [ RunTime:0.001000s ]
INFO: [ app_begin ] --END-- [ RunTime:0.001000s ]
INFO: [ app_end ] --START--
INFO: Run Behavior\ShowPageTraceBehavior [ RunTime:0.006000s ]
INFO: [ app_end ] --END-- [ RunTime:0.007000s ]

[ 2016-02-22T11:04:32+08:00 ] 10.2.2.17 /index.php?s=/home/login/login.html
INFO: [ app_init ] --START--
INFO: Run Behavior\BuildLiteBehavior [ RunTime:0.000000s ]
INFO: [ app_init ] --END-- [ RunTime:0.002000s ]
INFO: [ app_begin ] --START--
INFO: Run Behavior\ReadHtmlCacheBehavior [ RunTime:0.002000s ]
INFO: [ app_begin ] --END-- [ RunTime:0.002000s ]
INFO: [ view_parse ] --START--
INFO: [ template_filter ] --START--
INFO: Run Behavior\ContentReplaceBehavior [ RunTime:0.001000s ]
INFO: [ template_filter ] --END-- [ RunTime:0.001000s ]
INFO: Run Behavior\ParseTemplateBehavior [ RunTime:0.018000s ]
INFO: [ view_parse ] --END-- [ RunTime:0.018000s ]
INFO: [ view_filter ] --START--
INFO: Run Behavior\WriteHtmlCacheBehavior [ RunTime:0.002000s ]
INFO: [ view_filter ] --END-- [ RunTime:0.002000s ]
INFO: [ app_end ] --START--
INFO: Run Behavior\ShowPageTraceBehavior [ RunTime:0.002000s ]
INFO: [ app_end ] --END-- [ RunTime:0.002000s ]

[ 2016-02-22T11:04:32+08:00 ] 10.2.2.17 /index.php?s=/home/login/verify.html
INFO: [ app_init ] --START--
INFO: Run Behavior\BuildLiteBehavior [ RunTime:0.000000s ]
INFO: [ app_init ] --END-- [ RunTime:0.001000s ]
INFO: [ app_begin ] --START--
INFO: Run Behavior\ReadHtmlCacheBehavior [ RunTime:0.001000s ]
INFO: [ app_begin ] --END-- [ RunTime:0.002000s ]
INFO: [ app_end ] --START--
INFO: Run Behavior\ShowPageTraceBehavior [ RunTime:0.001000s ]
INFO: [ app_end ] --END-- [ RunTime:0.002000s ]

[ 2016-02-22T11:07:34+08:00 ] 10.2.2.17 /index.php?s=/home/login/login.html
INFO: [ app_init ] --START--
INFO: Run Behavior\BuildLiteBehavior [ RunTime:0.000000s ]
INFO: [ app_init ] --END-- [ RunTime:0.001000s ]
INFO: [ app_begin ] --START--
INFO: Run Behavior\ReadHtmlCacheBehavior [ RunTime:0.002000s ]
INFO: [ app_begin ] --END-- [ RunTime:0.002000s ]
INFO: [ view_parse ] --START--
INFO: [ template_filter ] --START--
INFO: Run Behavior\ContentReplaceBehavior [ RunTime:0.001000s ]
INFO: [ template_filter ] --END-- [ RunTime:0.001000s ]
INFO: Run Behavior\ParseTemplateBehavior [ RunTime:0.017000s ]
INFO: [ view_parse ] --END-- [ RunTime:0.017000s ]
INFO: [ view_filter ] --START--
INFO: Run Behavior\WriteHtmlCacheBehavior [ RunTime:0.002000s ]
INFO: [ view_filter ] --END-- [ RunTime:0.002000s ]
INFO: [ app_end ] --START--
INFO: Run Behavior\ShowPageTraceBehavior [ RunTime:0.002000s ]
INFO: [ app_end ] --END-- [ RunTime:0.002000s ]

[ 2016-02-22T11:07:34+08:00 ] 10.2.2.17 /index.php?s=/home/login/verify.html
INFO: [ app_init ] --START--
INFO: Run Behavior\BuildLiteBehavior [ RunTime:0.000000s ]
INFO: [ app_init ] --END-- [ RunTime:0.002000s ]
INFO: [ app_begin ] --START--
INFO: Run Behavior\ReadHtmlCacheBehavior [ RunTime:0.002000s ]
INFO: [ app_begin ] --END-- [ RunTime:0.002000s ]
INFO: [ app_end ] --START--
INFO: Run Behavior\ShowPageTraceBehavior [ RunTime:0.002000s ]
INFO: [ app_end ] --END-- [ RunTime:0.002000s ]

[ 2016-02-22T11:07:35+08:00 ] 10.2.2.17 /index.php?s=/home/login/login.html
INFO: [ app_init ] --START--
INFO: Run Behavior\BuildLiteBehavior [ RunTime:0.000000s ]
INFO: [ app_init ] --END-- [ RunTime:0.001000s ]
INFO: [ app_begin ] --START--
INFO: Run Behavior\ReadHtmlCacheBehavior [ RunTime:0.001000s ]
INFO: [ app_begin ] --END-- [ RunTime:0.002000s ]
INFO: [ view_parse ] --START--
INFO: [ template_filter ] --START--
INFO: Run Behavior\ContentReplaceBehavior [ RunTime:0.001000s ]
INFO: [ template_filter ] --END-- [ RunTime:0.001000s ]
INFO: Run Behavior\ParseTemplateBehavior [ RunTime:0.017000s ]
INFO: [ view_parse ] --END-- [ RunTime:0.017000s ]
INFO: [ view_filter ] --START--
INFO: Run Behavior\WriteHtmlCacheBehavior [ RunTime:0.001000s ]
INFO: [ view_filter ] --END-- [ RunTime:0.002000s ]
INFO: [ app_end ] --START--
INFO: Run Behavior\ShowPageTraceBehavior [ RunTime:0.001000s ]
INFO: [ app_end ] --END-- [ RunTime:0.002000s ]

[ 2016-02-22T11:07:35+08:00 ] 10.2.2.17 /index.php?s=/home/login/verify.html
INFO: [ app_init ] --START--
INFO: Run Behavior\BuildLiteBehavior [ RunTime:0.000000s ]
INFO: [ app_init ] --END-- [ RunTime:0.001000s ]
INFO: [ app_begin ] --START--
INFO: Run Behavior\ReadHtmlCacheBehavior [ RunTime:0.001000s ]
INFO: [ app_begin ] --END-- [ RunTime:0.001000s ]
INFO: [ app_end ] --START--
INFO: Run Behavior\ShowPageTraceBehavior [ RunTime:0.002000s ]
INFO: [ app_end ] --END-- [ RunTime:0.002000s ]

[ 2016-02-22T11:07:45+08:00 ] 10.2.2.17 /index.php?s=/home/login/login.html
INFO: [ app_init ] --START--
INFO: Run Behavior\BuildLiteBehavior [ RunTime:0.000000s ]
INFO: [ app_init ] --END-- [ RunTime:0.002000s ]
INFO: [ app_begin ] --START--
INFO: Run Behavior\ReadHtmlCacheBehavior [ RunTime:0.001000s ]
INFO: [ app_begin ] --END-- [ RunTime:0.002000s ]
INFO: [ view_parse ] --START--
INFO: [ template_filter ] --START--
INFO: Run Behavior\ContentReplaceBehavior [ RunTime:0.000000s ]
INFO: [ template_filter ] --END-- [ RunTime:0.001000s ]
INFO: Run Behavior\ParseTemplateBehavior [ RunTime:0.016000s ]
INFO: [ view_parse ] --END-- [ RunTime:0.019000s ]
INFO: [ view_filter ] --START--
INFO: Run Behavior\WriteHtmlCacheBehavior [ RunTime:0.001000s ]
INFO: [ view_filter ] --END-- [ RunTime:0.002000s ]
INFO: [ app_end ] --START--
INFO: Run Behavior\ShowPageTraceBehavior [ RunTime:0.002000s ]
INFO: [ app_end ] --END-- [ RunTime:0.002000s ]

[ 2016-02-22T11:07:45+08:00 ] 10.2.2.17 /index.php?s=/home/login/verify.html
INFO: [ app_init ] --START--
INFO: Run Behavior\BuildLiteBehavior [ RunTime:0.000000s ]
INFO: [ app_init ] --END-- [ RunTime:0.001000s ]
INFO: [ app_begin ] --START--
INFO: Run Behavior\ReadHtmlCacheBehavior [ RunTime:0.002000s ]
INFO: [ app_begin ] --END-- [ RunTime:0.002000s ]
INFO: [ app_end ] --START--
INFO: Run Behavior\ShowPageTraceBehavior [ RunTime:0.001000s ]
INFO: [ app_end ] --END-- [ RunTime:0.001000s ]

[ 2016-02-22T11:07:45+08:00 ] 10.2.2.17 /index.php?s=/home/login/login.html
INFO: [ app_init ] --START--
INFO: Run Behavior\BuildLiteBehavior [ RunTime:0.000000s ]
INFO: [ app_init ] --END-- [ RunTime:0.001000s ]
INFO: [ app_begin ] --START--
INFO: Run Behavior\ReadHtmlCacheBehavior [ RunTime:0.001000s ]
INFO: [ app_begin ] --END-- [ RunTime:0.002000s ]
INFO: [ view_parse ] --START--
INFO: [ template_filter ] --START--
INFO: Run Behavior\ContentReplaceBehavior [ RunTime:0.000000s ]
INFO: [ template_filter ] --END-- [ RunTime:0.000000s ]
INFO: Run Behavior\ParseTemplateBehavior [ RunTime:0.016000s ]
INFO: [ view_parse ] --END-- [ RunTime:0.017000s ]
INFO: [ view_filter ] --START--
INFO: Run Behavior\WriteHtmlCacheBehavior [ RunTime:0.001000s ]
INFO: [ view_filter ] --END-- [ RunTime:0.001000s ]
INFO: [ app_end ] --START--
INFO: Run Behavior\ShowPageTraceBehavior [ RunTime:0.001000s ]
INFO: [ app_end ] --END-- [ RunTime:0.002000s ]

[ 2016-02-22T11:07:45+08:00 ] 10.2.2.17 /index.php?s=/home/login/verify.html
INFO: [ app_init ] --START--
INFO: Run Behavior\BuildLiteBehavior [ RunTime:0.000000s ]
INFO: [ app_init ] --END-- [ RunTime:0.001000s ]
INFO: [ app_begin ] --START--
INFO: Run Behavior\ReadHtmlCacheBehavior [ RunTime:0.001000s ]
INFO: [ app_begin ] --END-- [ RunTime:0.001000s ]
INFO: [ app_end ] --START--
INFO: Run Behavior\ShowPageTraceBehavior [ RunTime:0.002000s ]
INFO: [ app_end ] --END-- [ RunTime:0.002000s ]

[ 2016-02-22T11:07:55+08:00 ] 10.2.2.17 /index.php?s=/home/login/loginpost.html
INFO: [ app_init ] --START--
INFO: Run Behavior\BuildLiteBehavior [ RunTime:0.000000s ]
INFO: [ app_init ] --END-- [ RunTime:0.002000s ]
INFO: [ app_begin ] --START--
INFO: Run Behavior\ReadHtmlCacheBehavior [ RunTime:0.001000s ]
INFO: [ app_begin ] --END-- [ RunTime:0.002000s ]
SQL: SHOW COLUMNS FROM `report_user` [ RunTime:0.0130s ]
NOTIC: [8] Undefined variable: type E:\wamp\www\Application\Home\Controller\LoginController.class.php 第 37 行.
SQL: SELECT * FROM `report_user` WHERE `username` = 'test' AND `password` = '21218cca77804d2ba1922c33e0151105' LIMIT 1   [ RunTime:0.0110s ]

[ 2016-02-22T11:07:56+08:00 ] 10.2.2.17 /index.php?s=/home/main/index.html
INFO: [ app_init ] --START--
INFO: Run Behavior\BuildLiteBehavior [ RunTime:0.000000s ]
INFO: [ app_init ] --END-- [ RunTime:0.001000s ]
INFO: [ app_begin ] --START--
INFO: Run Behavior\ReadHtmlCacheBehavior [ RunTime:0.001000s ]
INFO: [ app_begin ] --END-- [ RunTime:0.001000s ]

[ 2016-02-22T11:08:17+08:00 ] 10.2.2.17 /index.php?s=/home/main/index.html
INFO: [ app_init ] --START--
INFO: Run Behavior\BuildLiteBehavior [ RunTime:0.000000s ]
INFO: [ app_init ] --END-- [ RunTime:0.002000s ]
INFO: [ app_begin ] --START--
INFO: Run Behavior\ReadHtmlCacheBehavior [ RunTime:0.002000s ]
INFO: [ app_begin ] --END-- [ RunTime:0.002000s ]

[ 2016-02-22T11:08:19+08:00 ] 10.2.2.17 /index.php?s=/home/main/index.html
INFO: [ app_init ] --START--
INFO: Run Behavior\BuildLiteBehavior [ RunTime:0.000000s ]
INFO: [ app_init ] --END-- [ RunTime:0.001000s ]
INFO: [ app_begin ] --START--
INFO: Run Behavior\ReadHtmlCacheBehavior [ RunTime:0.001000s ]
INFO: [ app_begin ] --END-- [ RunTime:0.002000s ]

[ 2016-02-22T11:08:23+08:00 ] 10.2.2.17 /index.php?s=/home/main/index.html
INFO: [ app_init ] --START--
INFO: Run Behavior\BuildLiteBehavior [ RunTime:0.000000s ]
INFO: [ app_init ] --END-- [ RunTime:0.001000s ]
INFO: [ app_begin ] --START--
INFO: Run Behavior\ReadHtmlCacheBehavior [ RunTime:0.002000s ]
INFO: [ app_begin ] --END-- [ RunTime:0.002000s ]

[ 2016-02-22T11:08:29+08:00 ] 10.2.2.17 /index.php?s=/home/main/index.html
INFO: [ app_init ] --START--
INFO: Run Behavior\BuildLiteBehavior [ RunTime:0.001000s ]
INFO: [ app_init ] --END-- [ RunTime:0.001000s ]
INFO: [ app_begin ] --START--
INFO: Run Behavior\ReadHtmlCacheBehavior [ RunTime:0.001000s ]
INFO: [ app_begin ] --END-- [ RunTime:0.001000s ]
NOTIC: [8] Undefined index: mid E:\wamp\www\Application\Home\Controller\FrontController.class.php 第 61 行.
NOTIC: [8] Undefined index: year E:\wamp\www\Application\Home\Controller\MainController.class.php 第 16 行.
NOTIC: [8] Undefined index: month E:\wamp\www\Application\Home\Controller\MainController.class.php 第 17 行.
SQL: SHOW COLUMNS FROM `report_report` [ RunTime:0.0100s ]
NOTIC: [8] Undefined index: reportname E:\wamp\www\Application\Home\Model\ReportModel.class.php 第 13 行.
SQL: SELECT COUNT(*) AS tp_count FROM `report_report` WHERE `u_id` = 2 LIMIT 1   [ RunTime:0.0470s ]
SQL: SELECT * FROM `report_report` WHERE `u_id` = 2 ORDER BY month LIMIT 0,10   [ RunTime:0.0020s ]
INFO: [ view_parse ] --START--
NOTIC: [2] file_get_contents(Application/Home/View/Main/console_footer.html): failed to open stream: No such file or directory E:\wamp\www\ThinkPHP\Library\Think\Template.class.php 第 696 行.
INFO: [ template_filter ] --START--
INFO: Run Behavior\ContentReplaceBehavior [ RunTime:0.001000s ]
INFO: [ template_filter ] --END-- [ RunTime:0.001000s ]
NOTIC: [8] Undefined variable: other_script E:\wamp\www\Application\Runtime\Cache\Home\e66f279ca0f533de0add8e999d45677c.php 第 13 行.
NOTIC: [8] Undefined variable: curr_season E:\wamp\www\Application\Runtime\Cache\Home\e66f279ca0f533de0add8e999d45677c.php 第 61 行.
NOTIC: [8] Undefined variable: curr_season E:\wamp\www\Application\Runtime\Cache\Home\e66f279ca0f533de0add8e999d45677c.php 第 61 行.
NOTIC: [8] Undefined variable: curr_season E:\wamp\www\Application\Runtime\Cache\Home\e66f279ca0f533de0add8e999d45677c.php 第 61 行.
NOTIC: [8] Undefined variable: curr_season E:\wamp\www\Application\Runtime\Cache\Home\e66f279ca0f533de0add8e999d45677c.php 第 61 行.
NOTIC: [8] Undefined variable: curr_season E:\wamp\www\Application\Runtime\Cache\Home\e66f279ca0f533de0add8e999d45677c.php 第 61 行.
NOTIC: [8] Undefined variable: curr_season E:\wamp\www\Application\Runtime\Cache\Home\e66f279ca0f533de0add8e999d45677c.php 第 61 行.
NOTIC: [8] Undefined variable: curr_season E:\wamp\www\Application\Runtime\Cache\Home\e66f279ca0f533de0add8e999d45677c.php 第 61 行.
NOTIC: [8] Undefined variable: curr_season E:\wamp\www\Application\Runtime\Cache\Home\e66f279ca0f533de0add8e999d45677c.php 第 61 行.
NOTIC: [8] Undefined variable: curr_season E:\wamp\www\Application\Runtime\Cache\Home\e66f279ca0f533de0add8e999d45677c.php 第 61 行.
NOTIC: [8] Undefined variable: curr_season E:\wamp\www\Application\Runtime\Cache\Home\e66f279ca0f533de0add8e999d45677c.php 第 61 行.
NOTIC: [8] Undefined variable: curr_season E:\wamp\www\Application\Runtime\Cache\Home\e66f279ca0f533de0add8e999d45677c.php 第 61 行.
NOTIC: [8] Undefined variable: curr_season E:\wamp\www\Application\Runtime\Cache\Home\e66f279ca0f533de0add8e999d45677c.php 第 61 行.
NOTIC: [8] Undefined variable: curr_season E:\wamp\www\Application\Runtime\Cache\Home\e66f279ca0f533de0add8e999d45677c.php 第 61 行.
INFO: Run Behavior\ParseTemplateBehavior [ RunTime:0.088000s ]
INFO: [ view_parse ] --END-- [ RunTime:0.088000s ]
INFO: [ view_filter ] --START--
INFO: Run Behavior\WriteHtmlCacheBehavior [ RunTime:0.001000s ]
INFO: [ view_filter ] --END-- [ RunTime:0.001000s ]
INFO: [ app_end ] --START--
INFO: Run Behavior\ShowPageTraceBehavior [ RunTime:0.001000s ]
INFO: [ app_end ] --END-- [ RunTime:0.001000s ]

[ 2016-02-22T11:08:33+08:00 ] 10.2.2.17 /index.php?s=/home/main/index.html
INFO: [ app_init ] --START--
INFO: Run Behavior\BuildLiteBehavior [ RunTime:0.000000s ]
INFO: [ app_init ] --END-- [ RunTime:0.001000s ]
INFO: [ app_begin ] --START--
INFO: Run Behavior\ReadHtmlCacheBehavior [ RunTime:0.002000s ]
INFO: [ app_begin ] --END-- [ RunTime:0.004000s ]

[ 2016-02-22T11:08:43+08:00 ] 10.2.2.17 /index.php?s=/home/main/index.html
INFO: [ app_init ] --START--
INFO: Run Behavior\BuildLiteBehavior [ RunTime:0.000000s ]
INFO: [ app_init ] --END-- [ RunTime:0.001000s ]
INFO: [ app_begin ] --START--
INFO: Run Behavior\ReadHtmlCacheBehavior [ RunTime:0.001000s ]
INFO: [ app_begin ] --END-- [ RunTime:0.001000s ]
NOTIC: [8] Undefined index: mid E:\wamp\www\Application\Home\Controller\FrontController.class.php 第 61 行.
NOTIC: [8] Undefined index: year E:\wamp\www\Application\Home\Controller\MainController.class.php 第 16 行.
NOTIC: [8] Undefined index: month E:\wamp\www\Application\Home\Controller\MainController.class.php 第 17 行.
SQL: SHOW COLUMNS FROM `report_report` [ RunTime:0.0100s ]
NOTIC: [8] Undefined index: reportname E:\wamp\www\Application\Home\Model\ReportModel.class.php 第 13 行.
SQL: SELECT COUNT(*) AS tp_count FROM `report_report` WHERE `u_id` = 2 LIMIT 1   [ RunTime:0.0010s ]
SQL: SELECT * FROM `report_report` WHERE `u_id` = 2 ORDER BY month LIMIT 0,10   [ RunTime:0.0020s ]
INFO: [ view_parse ] --START--
NOTIC: [2] file_get_contents(Application/Home/View/Main/console_footer.html): failed to open stream: No such file or directory E:\wamp\www\ThinkPHP\Library\Think\Template.class.php 第 696 行.
INFO: [ template_filter ] --START--
INFO: Run Behavior\ContentReplaceBehavior [ RunTime:0.000000s ]
INFO: [ template_filter ] --END-- [ RunTime:0.000000s ]
NOTIC: [8] Undefined variable: other_script E:\wamp\www\Application\Runtime\Cache\Home\e66f279ca0f533de0add8e999d45677c.php 第 13 行.
NOTIC: [8] Undefined variable: curr_season E:\wamp\www\Application\Runtime\Cache\Home\e66f279ca0f533de0add8e999d45677c.php 第 61 行.
NOTIC: [8] Undefined variable: curr_season E:\wamp\www\Application\Runtime\Cache\Home\e66f279ca0f533de0add8e999d45677c.php 第 61 行.
NOTIC: [8] Undefined variable: curr_season E:\wamp\www\Application\Runtime\Cache\Home\e66f279ca0f533de0add8e999d45677c.php 第 61 行.
NOTIC: [8] Undefined variable: curr_season E:\wamp\www\Application\Runtime\Cache\Home\e66f279ca0f533de0add8e999d45677c.php 第 61 行.
NOTIC: [8] Undefined variable: curr_season E:\wamp\www\Application\Runtime\Cache\Home\e66f279ca0f533de0add8e999d45677c.php 第 61 行.
NOTIC: [8] Undefined variable: curr_season E:\wamp\www\Application\Runtime\Cache\Home\e66f279ca0f533de0add8e999d45677c.php 第 61 行.
NOTIC: [8] Undefined variable: curr_season E:\wamp\www\Application\Runtime\Cache\Home\e66f279ca0f533de0add8e999d45677c.php 第 61 行.
NOTIC: [8] Undefined variable: curr_season E:\wamp\www\Application\Runtime\Cache\Home\e66f279ca0f533de0add8e999d45677c.php 第 61 行.
NOTIC: [8] Undefined variable: curr_season E:\wamp\www\Application\Runtime\Cache\Home\e66f279ca0f533de0add8e999d45677c.php 第 61 行.
NOTIC: [8] Undefined variable: curr_season E:\wamp\www\Application\Runtime\Cache\Home\e66f279ca0f533de0add8e999d45677c.php 第 61 行.
NOTIC: [8] Undefined variable: curr_season E:\wamp\www\Application\Runtime\Cache\Home\e66f279ca0f533de0add8e999d45677c.php 第 61 行.
NOTIC: [8] Undefined variable: curr_season E:\wamp\www\Application\Runtime\Cache\Home\e66f279ca0f533de0add8e999d45677c.php 第 61 行.
NOTIC: [8] Undefined variable: curr_season E:\wamp\www\Application\Runtime\Cache\Home\e66f279ca0f533de0add8e999d45677c.php 第 61 行.
INFO: Run Behavior\ParseTemplateBehavior [ RunTime:0.044000s ]
INFO: [ view_parse ] --END-- [ RunTime:0.044000s ]
INFO: [ view_filter ] --START--
INFO: Run Behavior\WriteHtmlCacheBehavior [ RunTime:0.001000s ]
INFO: [ view_filter ] --END-- [ RunTime:0.001000s ]
INFO: [ app_end ] --START--
INFO: Run Behavior\ShowPageTraceBehavior [ RunTime:0.002000s ]
INFO: [ app_end ] --END-- [ RunTime:0.002000s ]

[ 2016-02-22T11:27:09+08:00 ] 10.2.2.17 /index.php
INFO: [ app_init ] --START--
INFO: Run Behavior\BuildLiteBehavior [ RunTime:0.001000s ]
INFO: [ app_init ] --END-- [ RunTime:0.015001s ]
INFO: [ app_begin ] --START--
INFO: Run Behavior\ReadHtmlCacheBehavior [ RunTime:0.013002s ]
INFO: [ app_begin ] --END-- [ RunTime:0.013002s ]
NOTIC: [8] Undefined index: mid E:\wamp\www\Application\Home\Controller\FrontController.class.php 第 61 行.
NOTIC: [8] Undefined index: year E:\wamp\www\Application\Home\Controller\MainController.class.php 第 16 行.
NOTIC: [8] Undefined index: month E:\wamp\www\Application\Home\Controller\MainController.class.php 第 17 行.
SQL: SHOW COLUMNS FROM `report_report` [ RunTime:0.0100s ]
NOTIC: [8] Undefined index: reportname E:\wamp\www\Application\Home\Model\ReportModel.class.php 第 13 行.
SQL: SELECT COUNT(*) AS tp_count FROM `report_report` WHERE `u_id` = 2 LIMIT 1   [ RunTime:0.0010s ]
SQL: SELECT * FROM `report_report` WHERE `u_id` = 2 ORDER BY month LIMIT 0,10   [ RunTime:0.0020s ]
INFO: [ view_parse ] --START--
NOTIC: [2] file_get_contents(Application/Home/View/Main/console_footer.html): failed to open stream: No such file or directory E:\wamp\www\ThinkPHP\Library\Think\Template.class.php 第 696 行.
INFO: [ template_filter ] --START--
INFO: Run Behavior\ContentReplaceBehavior [ RunTime:0.001000s ]
INFO: [ template_filter ] --END-- [ RunTime:0.001000s ]
NOTIC: [8] Undefined variable: other_script E:\wamp\www\Application\Runtime\Cache\Home\e66f279ca0f533de0add8e999d45677c.php 第 13 行.
NOTIC: [8] Undefined variable: curr_season E:\wamp\www\Application\Runtime\Cache\Home\e66f279ca0f533de0add8e999d45677c.php 第 61 行.
NOTIC: [8] Undefined variable: curr_season E:\wamp\www\Application\Runtime\Cache\Home\e66f279ca0f533de0add8e999d45677c.php 第 61 行.
NOTIC: [8] Undefined variable: curr_season E:\wamp\www\Application\Runtime\Cache\Home\e66f279ca0f533de0add8e999d45677c.php 第 61 行.
NOTIC: [8] Undefined variable: curr_season E:\wamp\www\Application\Runtime\Cache\Home\e66f279ca0f533de0add8e999d45677c.php 第 61 行.
NOTIC: [8] Undefined variable: curr_season E:\wamp\www\Application\Runtime\Cache\Home\e66f279ca0f533de0add8e999d45677c.php 第 61 行.
NOTIC: [8] Undefined variable: curr_season E:\wamp\www\Application\Runtime\Cache\Home\e66f279ca0f533de0add8e999d45677c.php 第 61 行.
NOTIC: [8] Undefined variable: curr_season E:\wamp\www\Application\Runtime\Cache\Home\e66f279ca0f533de0add8e999d45677c.php 第 61 行.
NOTIC: [8] Undefined variable: curr_season E:\wamp\www\Application\Runtime\Cache\Home\e66f279ca0f533de0add8e999d45677c.php 第 61 行.
NOTIC: [8] Undefined variable: curr_season E:\wamp\www\Application\Runtime\Cache\Home\e66f279ca0f533de0add8e999d45677c.php 第 61 行.
NOTIC: [8] Undefined variable: curr_season E:\wamp\www\Application\Runtime\Cache\Home\e66f279ca0f533de0add8e999d45677c.php 第 61 行.
NOTIC: [8] Undefined variable: curr_season E:\wamp\www\Application\Runtime\Cache\Home\e66f279ca0f533de0add8e999d45677c.php 第 61 行.
NOTIC: [8] Undefined variable: curr_season E:\wamp\www\Application\Runtime\Cache\Home\e66f279ca0f533de0add8e999d45677c.php 第 61 行.
NOTIC: [8] Undefined variable: curr_season E:\wamp\www\Application\Runtime\Cache\Home\e66f279ca0f533de0add8e999d45677c.php 第 61 行.
INFO: Run Behavior\ParseTemplateBehavior [ RunTime:0.060006s ]
INFO: [ view_parse ] --END-- [ RunTime:0.060006s ]
INFO: [ view_filter ] --START--
INFO: Run Behavior\WriteHtmlCacheBehavior [ RunTime:0.005000s ]
INFO: [ view_filter ] --END-- [ RunTime:0.005000s ]
INFO: [ app_end ] --START--
INFO: Run Behavior\ShowPageTraceBehavior [ RunTime:0.004001s ]
INFO: [ app_end ] --END-- [ RunTime:0.004001s ]

[ 2016-02-22T17:13:10+08:00 ] 10.2.2.17 /
INFO: [ app_init ] --START--
INFO: Run Behavior\BuildLiteBehavior [ RunTime:0.000000s ]
INFO: [ app_init ] --END-- [ RunTime:0.036000s ]
INFO: [ app_begin ] --START--
INFO: Run Behavior\ReadHtmlCacheBehavior [ RunTime:0.002000s ]
INFO: [ app_begin ] --END-- [ RunTime:0.002000s ]

[ 2016-02-22T17:13:11+08:00 ] 10.2.2.17 /index.php?s=/home/login/login.html
INFO: [ app_init ] --START--
INFO: Run Behavior\BuildLiteBehavior [ RunTime:0.000000s ]
INFO: [ app_init ] --END-- [ RunTime:0.001000s ]
INFO: [ app_begin ] --START--
INFO: Run Behavior\ReadHtmlCacheBehavior [ RunTime:0.001000s ]
INFO: [ app_begin ] --END-- [ RunTime:0.002000s ]
INFO: [ view_parse ] --START--
INFO: [ template_filter ] --START--
INFO: Run Behavior\ContentReplaceBehavior [ RunTime:0.011000s ]
INFO: [ template_filter ] --END-- [ RunTime:0.011000s ]
INFO: Run Behavior\ParseTemplateBehavior [ RunTime:0.105000s ]
INFO: [ view_parse ] --END-- [ RunTime:0.105000s ]
INFO: [ view_filter ] --START--
INFO: Run Behavior\WriteHtmlCacheBehavior [ RunTime:0.025000s ]
INFO: [ view_filter ] --END-- [ RunTime:0.025000s ]
INFO: [ app_end ] --START--
INFO: Run Behavior\ShowPageTraceBehavior [ RunTime:0.003000s ]
INFO: [ app_end ] --END-- [ RunTime:0.004000s ]

[ 2016-02-22T17:13:11+08:00 ] 10.2.2.17 /index.php?s=/home/login/verify.html
INFO: [ app_init ] --START--
INFO: Run Behavior\BuildLiteBehavior [ RunTime:0.000000s ]
INFO: [ app_init ] --END-- [ RunTime:0.001000s ]
INFO: [ app_begin ] --START--
INFO: Run Behavior\ReadHtmlCacheBehavior [ RunTime:0.001000s ]
INFO: [ app_begin ] --END-- [ RunTime:0.002000s ]
INFO: [ app_end ] --START--
INFO: Run Behavior\ShowPageTraceBehavior [ RunTime:0.001000s ]
INFO: [ app_end ] --END-- [ RunTime:0.002000s ]

[ 2016-02-22T17:13:24+08:00 ] 10.2.2.17 /index.php?s=/home/login/loginpost.html
INFO: [ app_init ] --START--
INFO: Run Behavior\BuildLiteBehavior [ RunTime:0.001000s ]
INFO: [ app_init ] --END-- [ RunTime:0.002000s ]
INFO: [ app_begin ] --START--
INFO: Run Behavior\ReadHtmlCacheBehavior [ RunTime:0.002000s ]
INFO: [ app_begin ] --END-- [ RunTime:0.002000s ]
SQL: SHOW COLUMNS FROM `report_user` [ RunTime:0.2030s ]
NOTIC: [8] Undefined variable: type E:\wamp\www\Application\Home\Controller\LoginController.class.php 第 37 行.
SQL: SELECT * FROM `report_user` WHERE `username` = 'test' AND `password` = '21218cca77804d2ba1922c33e0151105' LIMIT 1   [ RunTime:0.0020s ]

[ 2016-02-22T17:13:26+08:00 ] 10.2.2.17 /index.php?s=/home/main/index.html
INFO: [ app_init ] --START--
INFO: Run Behavior\BuildLiteBehavior [ RunTime:0.000000s ]
INFO: [ app_init ] --END-- [ RunTime:0.002000s ]
INFO: [ app_begin ] --START--
INFO: Run Behavior\ReadHtmlCacheBehavior [ RunTime:0.001000s ]
INFO: [ app_begin ] --END-- [ RunTime:0.001000s ]
NOTIC: [8] Undefined index: mid E:\wamp\www\Application\Home\Controller\FrontController.class.php 第 61 行.
NOTIC: [8] Undefined index: year E:\wamp\www\Application\Home\Controller\MainController.class.php 第 16 行.
NOTIC: [8] Undefined index: month E:\wamp\www\Application\Home\Controller\MainController.class.php 第 17 行.
SQL: SHOW COLUMNS FROM `report_report` [ RunTime:0.0110s ]
NOTIC: [8] Undefined index: reportname E:\wamp\www\Application\Home\Model\ReportModel.class.php 第 13 行.
SQL: SELECT COUNT(*) AS tp_count FROM `report_report` WHERE `u_id` = 2 LIMIT 1   [ RunTime:0.0540s ]
SQL: SELECT * FROM `report_report` WHERE `u_id` = 2 ORDER BY month LIMIT 0,10   [ RunTime:0.0210s ]
INFO: [ view_parse ] --START--
NOTIC: [2] file_get_contents(Application/Home/View/Main/console_footer.html): failed to open stream: No such file or directory E:\wamp\www\ThinkPHP\Library\Think\Template.class.php 第 696 行.
INFO: [ template_filter ] --START--
INFO: Run Behavior\ContentReplaceBehavior [ RunTime:0.000000s ]
INFO: [ template_filter ] --END-- [ RunTime:0.001000s ]
NOTIC: [8] Undefined variable: other_script E:\wamp\www\Application\Runtime\Cache\Home\e66f279ca0f533de0add8e999d45677c.php 第 13 行.
NOTIC: [8] Undefined variable: curr_season E:\wamp\www\Application\Runtime\Cache\Home\e66f279ca0f533de0add8e999d45677c.php 第 61 行.
NOTIC: [8] Undefined variable: curr_season E:\wamp\www\Application\Runtime\Cache\Home\e66f279ca0f533de0add8e999d45677c.php 第 61 行.
NOTIC: [8] Undefined variable: curr_season E:\wamp\www\Application\Runtime\Cache\Home\e66f279ca0f533de0add8e999d45677c.php 第 61 行.
NOTIC: [8] Undefined variable: curr_season E:\wamp\www\Application\Runtime\Cache\Home\e66f279ca0f533de0add8e999d45677c.php 第 61 行.
NOTIC: [8] Undefined variable: curr_season E:\wamp\www\Application\Runtime\Cache\Home\e66f279ca0f533de0add8e999d45677c.php 第 61 行.
NOTIC: [8] Undefined variable: curr_season E:\wamp\www\Application\Runtime\Cache\Home\e66f279ca0f533de0add8e999d45677c.php 第 61 行.
NOTIC: [8] Undefined variable: curr_season E:\wamp\www\Application\Runtime\Cache\Home\e66f279ca0f533de0add8e999d45677c.php 第 61 行.
NOTIC: [8] Undefined variable: curr_season E:\wamp\www\Application\Runtime\Cache\Home\e66f279ca0f533de0add8e999d45677c.php 第 61 行.
NOTIC: [8] Undefined variable: curr_season E:\wamp\www\Application\Runtime\Cache\Home\e66f279ca0f533de0add8e999d45677c.php 第 61 行.
NOTIC: [8] Undefined variable: curr_season E:\wamp\www\Application\Runtime\Cache\Home\e66f279ca0f533de0add8e999d45677c.php 第 61 行.
NOTIC: [8] Undefined variable: curr_season E:\wamp\www\Application\Runtime\Cache\Home\e66f279ca0f533de0add8e999d45677c.php 第 61 行.
NOTIC: [8] Undefined variable: curr_season E:\wamp\www\Application\Runtime\Cache\Home\e66f279ca0f533de0add8e999d45677c.php 第 61 行.
NOTIC: [8] Undefined variable: curr_season E:\wamp\www\Application\Runtime\Cache\Home\e66f279ca0f533de0add8e999d45677c.php 第 61 行.
INFO: Run Behavior\ParseTemplateBehavior [ RunTime:0.197000s ]
INFO: [ view_parse ] --END-- [ RunTime:0.197000s ]
INFO: [ view_filter ] --START--
INFO: Run Behavior\WriteHtmlCacheBehavior [ RunTime:0.001000s ]
INFO: [ view_filter ] --END-- [ RunTime:0.002000s ]
INFO: [ app_end ] --START--
INFO: Run Behavior\ShowPageTraceBehavior [ RunTime:0.001000s ]
INFO: [ app_end ] --END-- [ RunTime:0.001000s ]

[ 2016-02-22T17:13:37+08:00 ] 10.2.2.17 /index.php?s=/home/main/changereport.html&report=ALL&year=2016&month=03
INFO: [ app_init ] --START--
INFO: Run Behavior\BuildLiteBehavior [ RunTime:0.000000s ]
INFO: [ app_init ] --END-- [ RunTime:0.001000s ]
INFO: [ app_begin ] --START--
INFO: Run Behavior\ReadHtmlCacheBehavior [ RunTime:0.001000s ]
INFO: [ app_begin ] --END-- [ RunTime:0.001000s ]
NOTIC: [8] Undefined index: mid E:\wamp\www\Application\Home\Controller\FrontController.class.php 第 61 行.
SQL: SHOW COLUMNS FROM `report_report` [ RunTime:0.0200s ]
SQL: SELECT * FROM `report_report` WHERE `u_id` = 2 AND `year` = '2016' AND `month` = '03' ORDER BY month  [ RunTime:0.0010s ]
INFO: [ view_parse ] --START--
NOTIC: [2] file_get_contents(Application/Home/View/Main/console_footer.html): failed to open stream: No such file or directory E:\wamp\www\ThinkPHP\Library\Think\Template.class.php 第 696 行.
INFO: [ template_filter ] --START--
INFO: Run Behavior\ContentReplaceBehavior [ RunTime:0.001000s ]
INFO: [ template_filter ] --END-- [ RunTime:0.001000s ]
NOTIC: [8] Undefined variable: other_script E:\wamp\www\Application\Runtime\Cache\Home\e66f279ca0f533de0add8e999d45677c.php 第 13 行.
NOTIC: [8] Undefined variable: page E:\wamp\www\Application\Runtime\Cache\Home\e66f279ca0f533de0add8e999d45677c.php 第 73 行.
INFO: Run Behavior\ParseTemplateBehavior [ RunTime:0.036000s ]
INFO: [ view_parse ] --END-- [ RunTime:0.036000s ]
INFO: [ view_filter ] --START--
INFO: Run Behavior\WriteHtmlCacheBehavior [ RunTime:0.001000s ]
INFO: [ view_filter ] --END-- [ RunTime:0.002000s ]
INFO: [ app_end ] --START--
INFO: Run Behavior\ShowPageTraceBehavior [ RunTime:0.001000s ]
INFO: [ app_end ] --END-- [ RunTime:0.001000s ]

[ 2016-02-22T17:13:40+08:00 ] 10.2.2.17 /index.php?s=/home/main/changereport.html&report=ALL&year=2016&month=ALL
INFO: [ app_init ] --START--
INFO: Run Behavior\BuildLiteBehavior [ RunTime:0.000000s ]
INFO: [ app_init ] --END-- [ RunTime:0.001000s ]
INFO: [ app_begin ] --START--
INFO: Run Behavior\ReadHtmlCacheBehavior [ RunTime:0.001000s ]
INFO: [ app_begin ] --END-- [ RunTime:0.001000s ]
NOTIC: [8] Undefined index: mid E:\wamp\www\Application\Home\Controller\FrontController.class.php 第 61 行.
SQL: SHOW COLUMNS FROM `report_report` [ RunTime:0.0110s ]
SQL: SELECT * FROM `report_report` WHERE `u_id` = 2 AND `year` = '2016' ORDER BY month  [ RunTime:0.0000s ]
INFO: [ view_parse ] --START--
NOTIC: [2] file_get_contents(Application/Home/View/Main/console_footer.html): failed to open stream: No such file or directory E:\wamp\www\ThinkPHP\Library\Think\Template.class.php 第 696 行.
INFO: [ template_filter ] --START--
INFO: Run Behavior\ContentReplaceBehavior [ RunTime:0.001000s ]
INFO: [ template_filter ] --END-- [ RunTime:0.001000s ]
NOTIC: [8] Undefined variable: other_script E:\wamp\www\Application\Runtime\Cache\Home\e66f279ca0f533de0add8e999d45677c.php 第 13 行.
NOTIC: [8] Undefined variable: page E:\wamp\www\Application\Runtime\Cache\Home\e66f279ca0f533de0add8e999d45677c.php 第 73 行.
INFO: Run Behavior\ParseTemplateBehavior [ RunTime:0.045000s ]
INFO: [ view_parse ] --END-- [ RunTime:0.045000s ]
INFO: [ view_filter ] --START--
INFO: Run Behavior\WriteHtmlCacheBehavior [ RunTime:0.001000s ]
INFO: [ view_filter ] --END-- [ RunTime:0.001000s ]
INFO: [ app_end ] --START--
INFO: Run Behavior\ShowPageTraceBehavior [ RunTime:0.003000s ]
INFO: [ app_end ] --END-- [ RunTime:0.003000s ]

[ 2016-02-22T17:15:12+08:00 ] 10.2.2.17 /index.php?s=/home/login/logout.html
INFO: [ app_init ] --START--
INFO: Run Behavior\BuildLiteBehavior [ RunTime:0.000000s ]
INFO: [ app_init ] --END-- [ RunTime:0.002000s ]
INFO: [ app_begin ] --START--
INFO: Run Behavior\ReadHtmlCacheBehavior [ RunTime:0.002000s ]
INFO: [ app_begin ] --END-- [ RunTime:0.003000s ]
NOTIC: [8] Undefined index: mid E:\wamp\www\Application\Home\Controller\FrontController.class.php 第 61 行.
INFO: [ app_end ] --START--
INFO: Run Behavior\ShowPageTraceBehavior [ RunTime:0.001000s ]
INFO: [ app_end ] --END-- [ RunTime:0.002000s ]

[ 2016-02-22T17:15:12+08:00 ] 10.2.2.17 /index.php?s=/home/login/login.html
INFO: [ app_init ] --START--
INFO: Run Behavior\BuildLiteBehavior [ RunTime:0.000000s ]
INFO: [ app_init ] --END-- [ RunTime:0.001000s ]
INFO: [ app_begin ] --START--
INFO: Run Behavior\ReadHtmlCacheBehavior [ RunTime:0.001000s ]
INFO: [ app_begin ] --END-- [ RunTime:0.001000s ]
INFO: [ view_parse ] --START--
INFO: [ template_filter ] --START--
INFO: Run Behavior\ContentReplaceBehavior [ RunTime:0.001000s ]
INFO: [ template_filter ] --END-- [ RunTime:0.001000s ]
INFO: Run Behavior\ParseTemplateBehavior [ RunTime:0.018000s ]
INFO: [ view_parse ] --END-- [ RunTime:0.018000s ]
INFO: [ view_filter ] --START--
INFO: Run Behavior\WriteHtmlCacheBehavior [ RunTime:0.002000s ]
INFO: [ view_filter ] --END-- [ RunTime:0.002000s ]
INFO: [ app_end ] --START--
INFO: Run Behavior\ShowPageTraceBehavior [ RunTime:0.002000s ]
INFO: [ app_end ] --END-- [ RunTime:0.002000s ]

[ 2016-02-22T17:15:12+08:00 ] 10.2.2.17 /index.php?s=/home/login/verify.html
INFO: [ app_init ] --START--
INFO: Run Behavior\BuildLiteBehavior [ RunTime:0.000000s ]
INFO: [ app_init ] --END-- [ RunTime:0.002000s ]
INFO: [ app_begin ] --START--
INFO: Run Behavior\ReadHtmlCacheBehavior [ RunTime:0.002000s ]
INFO: [ app_begin ] --END-- [ RunTime:0.002000s ]
INFO: [ app_end ] --START--
INFO: Run Behavior\ShowPageTraceBehavior [ RunTime:0.001000s ]
INFO: [ app_end ] --END-- [ RunTime:0.002000s ]

[ 2016-02-22T17:15:17+08:00 ] 10.2.2.17 /index.php?s=/home/login/loginpost.html
INFO: [ app_init ] --START--
INFO: Run Behavior\BuildLiteBehavior [ RunTime:0.001000s ]
INFO: [ app_init ] --END-- [ RunTime:0.001000s ]
INFO: [ app_begin ] --START--
INFO: Run Behavior\ReadHtmlCacheBehavior [ RunTime:0.001000s ]
INFO: [ app_begin ] --END-- [ RunTime:0.001000s ]
SQL: SHOW COLUMNS FROM `report_user` [ RunTime:0.0400s ]

[ 2016-02-22T17:15:19+08:00 ] 10.2.2.17 /index.php?s=/home/login/login.html
INFO: [ app_init ] --START--
INFO: Run Behavior\BuildLiteBehavior [ RunTime:0.000000s ]
INFO: [ app_init ] --END-- [ RunTime:0.001000s ]
INFO: [ app_begin ] --START--
INFO: Run Behavior\ReadHtmlCacheBehavior [ RunTime:0.001000s ]
INFO: [ app_begin ] --END-- [ RunTime:0.001000s ]
INFO: [ view_parse ] --START--
INFO: [ template_filter ] --START--
INFO: Run Behavior\ContentReplaceBehavior [ RunTime:0.000000s ]
INFO: [ template_filter ] --END-- [ RunTime:0.000000s ]
INFO: Run Behavior\ParseTemplateBehavior [ RunTime:0.013000s ]
INFO: [ view_parse ] --END-- [ RunTime:0.013000s ]
INFO: [ view_filter ] --START--
INFO: Run Behavior\WriteHtmlCacheBehavior [ RunTime:0.000000s ]
INFO: [ view_filter ] --END-- [ RunTime:0.002000s ]
INFO: [ app_end ] --START--
INFO: Run Behavior\ShowPageTraceBehavior [ RunTime:0.001000s ]
INFO: [ app_end ] --END-- [ RunTime:0.001000s ]

[ 2016-02-22T17:15:19+08:00 ] 10.2.2.17 /index.php?s=/home/login/verify.html
INFO: [ app_init ] --START--
INFO: Run Behavior\BuildLiteBehavior [ RunTime:0.000000s ]
INFO: [ app_init ] --END-- [ RunTime:0.001000s ]
INFO: [ app_begin ] --START--
INFO: Run Behavior\ReadHtmlCacheBehavior [ RunTime:0.001000s ]
INFO: [ app_begin ] --END-- [ RunTime:0.002000s ]
INFO: [ app_end ] --START--
INFO: Run Behavior\ShowPageTraceBehavior [ RunTime:0.001000s ]
INFO: [ app_end ] --END-- [ RunTime:0.001000s ]

[ 2016-02-22T17:15:22+08:00 ] 10.2.2.17 /index.php?s=/home/login/loginpost.html
INFO: [ app_init ] --START--
INFO: Run Behavior\BuildLiteBehavior [ RunTime:0.000000s ]
INFO: [ app_init ] --END-- [ RunTime:0.002000s ]
INFO: [ app_begin ] --START--
INFO: Run Behavior\ReadHtmlCacheBehavior [ RunTime:0.001000s ]
INFO: [ app_begin ] --END-- [ RunTime:0.001000s ]
SQL: SHOW COLUMNS FROM `report_user` [ RunTime:0.0230s ]
NOTIC: [8] Undefined variable: type E:\wamp\www\Application\Home\Controller\LoginController.class.php 第 37 行.
SQL: SELECT * FROM `report_user` WHERE `username` = 'test' AND `password` = '21218cca77804d2ba1922c33e0151105' LIMIT 1   [ RunTime:0.0020s ]

[ 2016-02-22T17:15:23+08:00 ] 10.2.2.17 /index.php?s=/home/main/index.html
INFO: [ app_init ] --START--
INFO: Run Behavior\BuildLiteBehavior [ RunTime:0.000000s ]
INFO: [ app_init ] --END-- [ RunTime:0.002000s ]
INFO: [ app_begin ] --START--
INFO: Run Behavior\ReadHtmlCacheBehavior [ RunTime:0.002000s ]
INFO: [ app_begin ] --END-- [ RunTime:0.002000s ]

[ 2016-02-22T17:15:47+08:00 ] 10.2.2.17 /index.php?s=/home/main/index.html
INFO: [ app_init ] --START--
INFO: Run Behavior\BuildLiteBehavior [ RunTime:0.000000s ]
INFO: [ app_init ] --END-- [ RunTime:0.001000s ]
INFO: [ app_begin ] --START--
INFO: Run Behavior\ReadHtmlCacheBehavior [ RunTime:0.000000s ]
INFO: [ app_begin ] --END-- [ RunTime:0.002000s ]
NOTIC: [8] Undefined index: mid E:\wamp\www\Application\Home\Controller\FrontController.class.php 第 61 行.
NOTIC: [8] Undefined index: year E:\wamp\www\Application\Home\Controller\MainController.class.php 第 16 行.
NOTIC: [8] Undefined index: month E:\wamp\www\Application\Home\Controller\MainController.class.php 第 17 行.
SQL: SHOW COLUMNS FROM `report_report` [ RunTime:0.0130s ]
NOTIC: [8] Undefined index: reportname E:\wamp\www\Application\Home\Model\ReportModel.class.php 第 13 行.
SQL: SELECT COUNT(*) AS tp_count FROM `report_report` WHERE `u_id` = 2 LIMIT 1   [ RunTime:0.0020s ]
SQL: SELECT * FROM `report_report` WHERE `u_id` = 2 ORDER BY month LIMIT 0,10   [ RunTime:0.0020s ]
INFO: [ view_parse ] --START--
NOTIC: [2] file_get_contents(Application/Home/View/Main/console_footer.html): failed to open stream: No such file or directory E:\wamp\www\ThinkPHP\Library\Think\Template.class.php 第 696 行.
INFO: [ template_filter ] --START--
INFO: Run Behavior\ContentReplaceBehavior [ RunTime:0.000000s ]
INFO: [ template_filter ] --END-- [ RunTime:0.001000s ]
NOTIC: [8] Undefined variable: other_script E:\wamp\www\Application\Runtime\Cache\Home\e66f279ca0f533de0add8e999d45677c.php 第 13 行.
NOTIC: [8] Undefined variable: curr_season E:\wamp\www\Application\Runtime\Cache\Home\e66f279ca0f533de0add8e999d45677c.php 第 61 行.
NOTIC: [8] Array to string conversion E:\wamp\www\Application\Runtime\Cache\Home\e66f279ca0f533de0add8e999d45677c.php 第 61 行.
NOTIC: [8] Array to string conversion E:\wamp\www\Application\Runtime\Cache\Home\e66f279ca0f533de0add8e999d45677c.php 第 61 行.
NOTIC: [8] Undefined variable: curr_season E:\wamp\www\Application\Runtime\Cache\Home\e66f279ca0f533de0add8e999d45677c.php 第 61 行.
NOTIC: [8] Undefined variable: curr_season E:\wamp\www\Application\Runtime\Cache\Home\e66f279ca0f533de0add8e999d45677c.php 第 61 行.
NOTIC: [8] Undefined variable: curr_season E:\wamp\www\Application\Runtime\Cache\Home\e66f279ca0f533de0add8e999d45677c.php 第 61 行.
NOTIC: [8] Undefined variable: curr_season E:\wamp\www\Application\Runtime\Cache\Home\e66f279ca0f533de0add8e999d45677c.php 第 61 行.
NOTIC: [8] Undefined variable: curr_season E:\wamp\www\Application\Runtime\Cache\Home\e66f279ca0f533de0add8e999d45677c.php 第 61 行.
NOTIC: [8] Undefined variable: curr_season E:\wamp\www\Application\Runtime\Cache\Home\e66f279ca0f533de0add8e999d45677c.php 第 61 行.
NOTIC: [8] Undefined variable: curr_season E:\wamp\www\Application\Runtime\Cache\Home\e66f279ca0f533de0add8e999d45677c.php 第 61 行.
NOTIC: [8] Undefined variable: curr_season E:\wamp\www\Application\Runtime\Cache\Home\e66f279ca0f533de0add8e999d45677c.php 第 61 行.
NOTIC: [8] Undefined variable: curr_season E:\wamp\www\Application\Runtime\Cache\Home\e66f279ca0f533de0add8e999d45677c.php 第 61 行.
NOTIC: [8] Undefined variable: curr_season E:\wamp\www\Application\Runtime\Cache\Home\e66f279ca0f533de0add8e999d45677c.php 第 61 行.
NOTIC: [8] Undefined variable: curr_season E:\wamp\www\Application\Runtime\Cache\Home\e66f279ca0f533de0add8e999d45677c.php 第 61 行.
NOTIC: [8] Undefined variable: curr_season E:\wamp\www\Application\Runtime\Cache\Home\e66f279ca0f533de0add8e999d45677c.php 第 61 行.
INFO: Run Behavior\ParseTemplateBehavior [ RunTime:0.055000s ]
INFO: [ view_parse ] --END-- [ RunTime:0.055000s ]
INFO: [ view_filter ] --START--
INFO: Run Behavior\WriteHtmlCacheBehavior [ RunTime:0.001000s ]
INFO: [ view_filter ] --END-- [ RunTime:0.001000s ]
INFO: [ app_end ] --START--
INFO: Run Behavior\ShowPageTraceBehavior [ RunTime:0.001000s ]
INFO: [ app_end ] --END-- [ RunTime:0.001000s ]

[ 2016-02-22T17:16:01+08:00 ] 10.2.2.17 /index.php?s=/home/main/index.html
INFO: [ app_init ] --START--
INFO: Run Behavior\BuildLiteBehavior [ RunTime:0.000000s ]
INFO: [ app_init ] --END-- [ RunTime:0.002000s ]
INFO: [ app_begin ] --START--
INFO: Run Behavior\ReadHtmlCacheBehavior [ RunTime:0.002000s ]
INFO: [ app_begin ] --END-- [ RunTime:0.002000s ]
NOTIC: [8] Undefined index: mid E:\wamp\www\Application\Home\Controller\FrontController.class.php 第 61 行.
NOTIC: [8] Undefined index: year E:\wamp\www\Application\Home\Controller\MainController.class.php 第 16 行.
NOTIC: [8] Undefined index: month E:\wamp\www\Application\Home\Controller\MainController.class.php 第 17 行.
SQL: SHOW COLUMNS FROM `report_report` [ RunTime:0.0360s ]
NOTIC: [8] Undefined index: reportname E:\wamp\www\Application\Home\Model\ReportModel.class.php 第 13 行.
SQL: SELECT COUNT(*) AS tp_count FROM `report_report` WHERE `u_id` = 2 LIMIT 1   [ RunTime:0.0010s ]
SQL: SELECT * FROM `report_report` WHERE `u_id` = 2 ORDER BY month LIMIT 0,10   [ RunTime:0.0020s ]
NOTIC: [8] Undefined variable: op1 E:\wamp\www\Application\Home\Controller\MainController.class.php 第 33 行.
INFO: [ view_parse ] --START--
NOTIC: [2] file_get_contents(Application/Home/View/Main/console_footer.html): failed to open stream: No such file or directory E:\wamp\www\ThinkPHP\Library\Think\Template.class.php 第 696 行.
INFO: [ template_filter ] --START--
INFO: Run Behavior\ContentReplaceBehavior [ RunTime:0.000000s ]
INFO: [ template_filter ] --END-- [ RunTime:0.000000s ]
NOTIC: [8] Undefined variable: other_script E:\wamp\www\Application\Runtime\Cache\Home\e66f279ca0f533de0add8e999d45677c.php 第 13 行.
NOTIC: [8] Undefined variable: curr_season E:\wamp\www\Application\Runtime\Cache\Home\e66f279ca0f533de0add8e999d45677c.php 第 61 行.
NOTIC: [8] Undefined variable: curr_season E:\wamp\www\Application\Runtime\Cache\Home\e66f279ca0f533de0add8e999d45677c.php 第 61 行.
NOTIC: [8] Undefined variable: curr_season E:\wamp\www\Application\Runtime\Cache\Home\e66f279ca0f533de0add8e999d45677c.php 第 61 行.
NOTIC: [8] Undefined variable: curr_season E:\wamp\www\Application\Runtime\Cache\Home\e66f279ca0f533de0add8e999d45677c.php 第 61 行.
NOTIC: [8] Undefined variable: curr_season E:\wamp\www\Application\Runtime\Cache\Home\e66f279ca0f533de0add8e999d45677c.php 第 61 行.
NOTIC: [8] Undefined variable: curr_season E:\wamp\www\Application\Runtime\Cache\Home\e66f279ca0f533de0add8e999d45677c.php 第 61 行.
NOTIC: [8] Undefined variable: curr_season E:\wamp\www\Application\Runtime\Cache\Home\e66f279ca0f533de0add8e999d45677c.php 第 61 行.
NOTIC: [8] Undefined variable: curr_season E:\wamp\www\Application\Runtime\Cache\Home\e66f279ca0f533de0add8e999d45677c.php 第 61 行.
NOTIC: [8] Undefined variable: curr_season E:\wamp\www\Application\Runtime\Cache\Home\e66f279ca0f533de0add8e999d45677c.php 第 61 行.
NOTIC: [8] Undefined variable: curr_season E:\wamp\www\Application\Runtime\Cache\Home\e66f279ca0f533de0add8e999d45677c.php 第 61 行.
NOTIC: [8] Undefined variable: curr_season E:\wamp\www\Application\Runtime\Cache\Home\e66f279ca0f533de0add8e999d45677c.php 第 61 行.
NOTIC: [8] Undefined variable: curr_season E:\wamp\www\Application\Runtime\Cache\Home\e66f279ca0f533de0add8e999d45677c.php 第 61 行.
NOTIC: [8] Undefined variable: curr_season E:\wamp\www\Application\Runtime\Cache\Home\e66f279ca0f533de0add8e999d45677c.php 第 61 行.
INFO: Run Behavior\ParseTemplateBehavior [ RunTime:0.091000s ]
INFO: [ view_parse ] --END-- [ RunTime:0.091000s ]
INFO: [ view_filter ] --START--
INFO: Run Behavior\WriteHtmlCacheBehavior [ RunTime:0.002000s ]
INFO: [ view_filter ] --END-- [ RunTime:0.002000s ]
INFO: [ app_end ] --START--
INFO: Run Behavior\ShowPageTraceBehavior [ RunTime:0.002000s ]
INFO: [ app_end ] --END-- [ RunTime:0.003000s ]

[ 2016-02-22T17:16:09+08:00 ] 10.2.2.17 /index.php?s=/home/main/index.html
INFO: [ app_init ] --START--
INFO: Run Behavior\BuildLiteBehavior [ RunTime:0.000000s ]
INFO: [ app_init ] --END-- [ RunTime:0.001000s ]
INFO: [ app_begin ] --START--
INFO: Run Behavior\ReadHtmlCacheBehavior [ RunTime:0.001000s ]
INFO: [ app_begin ] --END-- [ RunTime:0.001000s ]
NOTIC: [8] Undefined index: mid E:\wamp\www\Application\Home\Controller\FrontController.class.php 第 61 行.
NOTIC: [8] Undefined index: year E:\wamp\www\Application\Home\Controller\MainController.class.php 第 16 行.
NOTIC: [8] Undefined index: month E:\wamp\www\Application\Home\Controller\MainController.class.php 第 17 行.
SQL: SHOW COLUMNS FROM `report_report` [ RunTime:0.0120s ]
NOTIC: [8] Undefined index: reportname E:\wamp\www\Application\Home\Model\ReportModel.class.php 第 13 行.
SQL: SELECT COUNT(*) AS tp_count FROM `report_report` WHERE `u_id` = 2 LIMIT 1   [ RunTime:0.0010s ]
SQL: SELECT * FROM `report_report` WHERE `u_id` = 2 ORDER BY month LIMIT 0,10   [ RunTime:0.0010s ]
INFO: [ view_parse ] --START--
NOTIC: [2] file_get_contents(Application/Home/View/Main/console_footer.html): failed to open stream: No such file or directory E:\wamp\www\ThinkPHP\Library\Think\Template.class.php 第 696 行.
INFO: [ template_filter ] --START--
INFO: Run Behavior\ContentReplaceBehavior [ RunTime:0.000000s ]
INFO: [ template_filter ] --END-- [ RunTime:0.000000s ]
NOTIC: [8] Undefined variable: other_script E:\wamp\www\Application\Runtime\Cache\Home\e66f279ca0f533de0add8e999d45677c.php 第 13 行.
NOTIC: [8] Undefined variable: curr_season E:\wamp\www\Application\Runtime\Cache\Home\e66f279ca0f533de0add8e999d45677c.php 第 61 行.
NOTIC: [8] Undefined variable: curr_season E:\wamp\www\Application\Runtime\Cache\Home\e66f279ca0f533de0add8e999d45677c.php 第 61 行.
NOTIC: [8] Undefined variable: curr_season E:\wamp\www\Application\Runtime\Cache\Home\e66f279ca0f533de0add8e999d45677c.php 第 61 行.
NOTIC: [8] Undefined variable: curr_season E:\wamp\www\Application\Runtime\Cache\Home\e66f279ca0f533de0add8e999d45677c.php 第 61 行.
NOTIC: [8] Undefined variable: curr_season E:\wamp\www\Application\Runtime\Cache\Home\e66f279ca0f533de0add8e999d45677c.php 第 61 行.
NOTIC: [8] Undefined variable: curr_season E:\wamp\www\Application\Runtime\Cache\Home\e66f279ca0f533de0add8e999d45677c.php 第 61 行.
NOTIC: [8] Undefined variable: curr_season E:\wamp\www\Application\Runtime\Cache\Home\e66f279ca0f533de0add8e999d45677c.php 第 61 行.
NOTIC: [8] Undefined variable: curr_season E:\wamp\www\Application\Runtime\Cache\Home\e66f279ca0f533de0add8e999d45677c.php 第 61 行.
NOTIC: [8] Undefined variable: curr_season E:\wamp\www\Application\Runtime\Cache\Home\e66f279ca0f533de0add8e999d45677c.php 第 61 行.
NOTIC: [8] Undefined variable: curr_season E:\wamp\www\Application\Runtime\Cache\Home\e66f279ca0f533de0add8e999d45677c.php 第 61 行.
NOTIC: [8] Undefined variable: curr_season E:\wamp\www\Application\Runtime\Cache\Home\e66f279ca0f533de0add8e999d45677c.php 第 61 行.
NOTIC: [8] Undefined variable: curr_season E:\wamp\www\Application\Runtime\Cache\Home\e66f279ca0f533de0add8e999d45677c.php 第 61 行.
NOTIC: [8] Undefined variable: curr_season E:\wamp\www\Application\Runtime\Cache\Home\e66f279ca0f533de0add8e999d45677c.php 第 61 行.
INFO: Run Behavior\ParseTemplateBehavior [ RunTime:0.067000s ]
INFO: [ view_parse ] --END-- [ RunTime:0.067000s ]
INFO: [ view_filter ] --START--
INFO: Run Behavior\WriteHtmlCacheBehavior [ RunTime:0.002000s ]
INFO: [ view_filter ] --END-- [ RunTime:0.002000s ]
INFO: [ app_end ] --START--
INFO: Run Behavior\ShowPageTraceBehavior [ RunTime:0.002000s ]
INFO: [ app_end ] --END-- [ RunTime:0.003000s ]

[ 2016-02-22T17:16:48+08:00 ] 10.2.2.17 /index.php?s=/home/main/index.html
INFO: [ app_init ] --START--
INFO: Run Behavior\BuildLiteBehavior [ RunTime:0.000000s ]
INFO: [ app_init ] --END-- [ RunTime:0.001000s ]
INFO: [ app_begin ] --START--
INFO: Run Behavior\ReadHtmlCacheBehavior [ RunTime:0.002000s ]
INFO: [ app_begin ] --END-- [ RunTime:0.002000s ]
NOTIC: [8] Undefined index: mid E:\wamp\www\Application\Home\Controller\FrontController.class.php 第 61 行.
NOTIC: [8] Undefined index: year E:\wamp\www\Application\Home\Controller\MainController.class.php 第 16 行.
NOTIC: [8] Undefined index: month E:\wamp\www\Application\Home\Controller\MainController.class.php 第 17 行.
SQL: SHOW COLUMNS FROM `report_report` [ RunTime:0.0110s ]
NOTIC: [8] Undefined index: reportname E:\wamp\www\Application\Home\Model\ReportModel.class.php 第 13 行.
SQL: SELECT COUNT(*) AS tp_count FROM `report_report` WHERE `u_id` = 2 LIMIT 1   [ RunTime:0.0010s ]
SQL: SELECT * FROM `report_report` WHERE `u_id` = 2 ORDER BY month LIMIT 0,10   [ RunTime:0.0020s ]

[ 2016-02-22T17:17:09+08:00 ] 10.2.2.17 /index.php?s=/home/main/index.html
INFO: [ app_init ] --START--
INFO: Run Behavior\BuildLiteBehavior [ RunTime:0.000000s ]
INFO: [ app_init ] --END-- [ RunTime:0.002000s ]
INFO: [ app_begin ] --START--
INFO: Run Behavior\ReadHtmlCacheBehavior [ RunTime:0.001000s ]
INFO: [ app_begin ] --END-- [ RunTime:0.001000s ]
NOTIC: [8] Undefined index: mid E:\wamp\www\Application\Home\Controller\FrontController.class.php 第 61 行.
NOTIC: [8] Undefined index: year E:\wamp\www\Application\Home\Controller\MainController.class.php 第 16 行.
NOTIC: [8] Undefined index: month E:\wamp\www\Application\Home\Controller\MainController.class.php 第 17 行.
SQL: SHOW COLUMNS FROM `report_report` [ RunTime:0.0130s ]
NOTIC: [8] Undefined index: reportname E:\wamp\www\Application\Home\Model\ReportModel.class.php 第 13 行.
SQL: SELECT COUNT(*) AS tp_count FROM `report_report` WHERE `u_id` = 2 LIMIT 1   [ RunTime:0.0010s ]
SQL: SELECT * FROM `report_report` WHERE `u_id` = 2 ORDER BY month LIMIT 0,10   [ RunTime:0.0170s ]
INFO: [ view_parse ] --START--
NOTIC: [2] file_get_contents(Application/Home/View/Main/console_footer.html): failed to open stream: No such file or directory E:\wamp\www\ThinkPHP\Library\Think\Template.class.php 第 696 行.
INFO: [ template_filter ] --START--
INFO: Run Behavior\ContentReplaceBehavior [ RunTime:0.001000s ]
INFO: [ template_filter ] --END-- [ RunTime:0.001000s ]
NOTIC: [8] Undefined variable: other_script E:\wamp\www\Application\Runtime\Cache\Home\e66f279ca0f533de0add8e999d45677c.php 第 13 行.
NOTIC: [8] Undefined variable: curr_season E:\wamp\www\Application\Runtime\Cache\Home\e66f279ca0f533de0add8e999d45677c.php 第 61 行.
NOTIC: [8] Array to string conversion E:\wamp\www\Application\Runtime\Cache\Home\e66f279ca0f533de0add8e999d45677c.php 第 61 行.
NOTIC: [8] Undefined variable: curr_season E:\wamp\www\Application\Runtime\Cache\Home\e66f279ca0f533de0add8e999d45677c.php 第 61 行.
NOTIC: [8] Undefined variable: curr_season E:\wamp\www\Application\Runtime\Cache\Home\e66f279ca0f533de0add8e999d45677c.php 第 61 行.
NOTIC: [8] Undefined variable: curr_season E:\wamp\www\Application\Runtime\Cache\Home\e66f279ca0f533de0add8e999d45677c.php 第 61 行.
NOTIC: [8] Undefined variable: curr_season E:\wamp\www\Application\Runtime\Cache\Home\e66f279ca0f533de0add8e999d45677c.php 第 61 行.
NOTIC: [8] Undefined variable: curr_season E:\wamp\www\Application\Runtime\Cache\Home\e66f279ca0f533de0add8e999d45677c.php 第 61 行.
NOTIC: [8] Undefined variable: curr_season E:\wamp\www\Application\Runtime\Cache\Home\e66f279ca0f533de0add8e999d45677c.php 第 61 行.
NOTIC: [8] Undefined variable: curr_season E:\wamp\www\Application\Runtime\Cache\Home\e66f279ca0f533de0add8e999d45677c.php 第 61 行.
NOTIC: [8] Undefined variable: curr_season E:\wamp\www\Application\Runtime\Cache\Home\e66f279ca0f533de0add8e999d45677c.php 第 61 行.
NOTIC: [8] Undefined variable: curr_season E:\wamp\www\Application\Runtime\Cache\Home\e66f279ca0f533de0add8e999d45677c.php 第 61 行.
NOTIC: [8] Undefined variable: curr_season E:\wamp\www\Application\Runtime\Cache\Home\e66f279ca0f533de0add8e999d45677c.php 第 61 行.
NOTIC: [8] Undefined variable: curr_season E:\wamp\www\Application\Runtime\Cache\Home\e66f279ca0f533de0add8e999d45677c.php 第 61 行.
NOTIC: [8] Undefined variable: curr_season E:\wamp\www\Application\Runtime\Cache\Home\e66f279ca0f533de0add8e999d45677c.php 第 61 行.
INFO: Run Behavior\ParseTemplateBehavior [ RunTime:0.078000s ]
INFO: [ view_parse ] --END-- [ RunTime:0.079000s ]
INFO: [ view_filter ] --START--
INFO: Run Behavior\WriteHtmlCacheBehavior [ RunTime:0.001000s ]
INFO: [ view_filter ] --END-- [ RunTime:0.002000s ]
INFO: [ app_end ] --START--
INFO: Run Behavior\ShowPageTraceBehavior [ RunTime:0.002000s ]
INFO: [ app_end ] --END-- [ RunTime:0.002000s ]

[ 2016-02-22T17:17:25+08:00 ] 10.2.2.17 /index.php?s=/home/main/index.html
INFO: [ app_init ] --START--
INFO: Run Behavior\BuildLiteBehavior [ RunTime:0.000000s ]
INFO: [ app_init ] --END-- [ RunTime:0.001000s ]
INFO: [ app_begin ] --START--
INFO: Run Behavior\ReadHtmlCacheBehavior [ RunTime:0.002000s ]
INFO: [ app_begin ] --END-- [ RunTime:0.002000s ]
NOTIC: [8] Undefined index: mid E:\wamp\www\Application\Home\Controller\FrontController.class.php 第 61 行.
NOTIC: [8] Undefined index: year E:\wamp\www\Application\Home\Controller\MainController.class.php 第 16 行.
NOTIC: [8] Undefined index: month E:\wamp\www\Application\Home\Controller\MainController.class.php 第 17 行.
SQL: SHOW COLUMNS FROM `report_report` [ RunTime:0.0120s ]
NOTIC: [8] Undefined index: reportname E:\wamp\www\Application\Home\Model\ReportModel.class.php 第 13 行.
SQL: SELECT COUNT(*) AS tp_count FROM `report_report` WHERE `u_id` = 2 LIMIT 1   [ RunTime:0.0010s ]
SQL: SELECT * FROM `report_report` WHERE `u_id` = 2 ORDER BY month LIMIT 0,10   [ RunTime:0.0020s ]
INFO: [ view_parse ] --START--
NOTIC: [2] file_get_contents(Application/Home/View/Main/console_footer.html): failed to open stream: No such file or directory E:\wamp\www\ThinkPHP\Library\Think\Template.class.php 第 696 行.
INFO: [ template_filter ] --START--
INFO: Run Behavior\ContentReplaceBehavior [ RunTime:0.001000s ]
INFO: [ template_filter ] --END-- [ RunTime:0.001000s ]
NOTIC: [8] Undefined variable: other_script E:\wamp\www\Application\Runtime\Cache\Home\e66f279ca0f533de0add8e999d45677c.php 第 13 行.
NOTIC: [8] Undefined variable: curr_season E:\wamp\www\Application\Runtime\Cache\Home\e66f279ca0f533de0add8e999d45677c.php 第 61 行.
NOTIC: [8] Array to string conversion E:\wamp\www\Application\Runtime\Cache\Home\e66f279ca0f533de0add8e999d45677c.php 第 61 行.
NOTIC: [8] Undefined variable: curr_season E:\wamp\www\Application\Runtime\Cache\Home\e66f279ca0f533de0add8e999d45677c.php 第 61 行.
NOTIC: [8] Undefined variable: curr_season E:\wamp\www\Application\Runtime\Cache\Home\e66f279ca0f533de0add8e999d45677c.php 第 61 行.
NOTIC: [8] Undefined variable: curr_season E:\wamp\www\Application\Runtime\Cache\Home\e66f279ca0f533de0add8e999d45677c.php 第 61 行.
NOTIC: [8] Undefined variable: curr_season E:\wamp\www\Application\Runtime\Cache\Home\e66f279ca0f533de0add8e999d45677c.php 第 61 行.
NOTIC: [8] Undefined variable: curr_season E:\wamp\www\Application\Runtime\Cache\Home\e66f279ca0f533de0add8e999d45677c.php 第 61 行.
NOTIC: [8] Undefined variable: curr_season E:\wamp\www\Application\Runtime\Cache\Home\e66f279ca0f533de0add8e999d45677c.php 第 61 行.
NOTIC: [8] Undefined variable: curr_season E:\wamp\www\Application\Runtime\Cache\Home\e66f279ca0f533de0add8e999d45677c.php 第 61 行.
NOTIC: [8] Undefined variable: curr_season E:\wamp\www\Application\Runtime\Cache\Home\e66f279ca0f533de0add8e999d45677c.php 第 61 行.
NOTIC: [8] Undefined variable: curr_season E:\wamp\www\Application\Runtime\Cache\Home\e66f279ca0f533de0add8e999d45677c.php 第 61 行.
NOTIC: [8] Undefined variable: curr_season E:\wamp\www\Application\Runtime\Cache\Home\e66f279ca0f533de0add8e999d45677c.php 第 61 行.
NOTIC: [8] Undefined variable: curr_season E:\wamp\www\Application\Runtime\Cache\Home\e66f279ca0f533de0add8e999d45677c.php 第 61 行.
NOTIC: [8] Undefined variable: curr_season E:\wamp\www\Application\Runtime\Cache\Home\e66f279ca0f533de0add8e999d45677c.php 第 61 行.
INFO: Run Behavior\ParseTemplateBehavior [ RunTime:0.046000s ]
INFO: [ view_parse ] --END-- [ RunTime:0.046000s ]
INFO: [ view_filter ] --START--
INFO: Run Behavior\WriteHtmlCacheBehavior [ RunTime:0.002000s ]
INFO: [ view_filter ] --END-- [ RunTime:0.002000s ]
INFO: [ app_end ] --START--
INFO: Run Behavior\ShowPageTraceBehavior [ RunTime:0.002000s ]
INFO: [ app_end ] --END-- [ RunTime:0.002000s ]

